<?xml version="1.0" encoding="UTF-8"?>
<!-- Generated by org.testng.reporters.JUnitXMLReporter -->
<testsuite ignored="1" hostname="LAPTOP-M3HSMS1J" failures="0" tests="1" name="Default test" time="36.542" errors="0" timestamp="2023-04-01T22:12:04 IST">
  <testcase classname="vtiger.Products.Tests.CreateProductTest" name="CreateProductTestScript" time="18.347"/>
  <testcase classname="vtiger.Products.Tests.CreateProductTest" name="practiceTestScript" time="0.0">
    <ignored/>
  </testcase> <!-- practiceTestScript -->
</testsuite> <!-- Default test -->
