<?xml version="1.0" encoding="UTF-8"?>
<!-- Generated by org.testng.reporters.JUnitXMLReporter -->
<testsuite ignored="0" hostname="LAPTOP-M3HSMS1J" failures="0" tests="2" name="TestScript1&amp;2" time="33.463" errors="0" timestamp="2023-03-02T11:09:23 IST">
  <testcase classname="vtiger.PomClassesTests.TC_002_CreateOrganization" name="TC_002_CreateOrganizationTestScript" time="17.909"/>
  <testcase classname="vtiger.PomClassesTests.TC_001_CreateContact" name="TC_001_CreateContactTest" time="15.505"/>
</testsuite> <!-- TestScript1&2 -->
