<?xml version="1.0" encoding="UTF-8"?>
<!-- Generated by org.testng.reporters.JUnitXMLReporter -->
<testsuite ignored="8" hostname="LAPTOP-M3HSMS1J" failures="0" tests="6" name="Test" time="144.117" errors="0" timestamp="2023-03-29T23:00:21 IST">
  <testcase classname="vtiger.Products.Tests.CreateProductTest" name="CreateProductTestScript" time="10.119"/>
  <testcase classname="vtiger.Products.Tests.CreateProductTest" name="practiceTestScript" time="3.17"/>
  <testcase classname="vtiger.ContactsTests.CreateContactsTest" name="CreateContactsTestScript" time="9.318"/>
  <testcase classname="vtiger.ContactsTests.CreateContactWithOrganizationTest" name="CreateContactWithOrganizationTestScript" time="19.167"/>
  <testcase classname="vtiger.CampaignsTests.CreateCampaignWithProductsTest" name="CreateCampaignWithProductsTestScript" time="22.721"/>
  <testcase classname="vtiger.OrganizationTests.CreateOrganizationTest" name="CreateOrganizationTestScript" time="9.052"/>
  <testcase classname="vtiger.GenericUtilities.BaseClass" name="@AfterSuite asConfig" time="0.0">
    <ignored/>
  </testcase> <!-- @AfterSuite asConfig -->
  <testcase classname="vtiger.GenericUtilities.BaseClass" name="@AfterSuite asConfig" time="0.0">
    <ignored/>
  </testcase> <!-- @AfterSuite asConfig -->
  <testcase classname="vtiger.GenericUtilities.BaseClass" name="@AfterSuite asConfig" time="0.0">
    <ignored/>
  </testcase> <!-- @AfterSuite asConfig -->
  <testcase classname="vtiger.GenericUtilities.BaseClass" name="@AfterSuite asConfig" time="0.0">
    <ignored/>
  </testcase> <!-- @AfterSuite asConfig -->
  <testcase classname="vtiger.GenericUtilities.BaseClass" name="@BeforeSuite bsConfig" time="0.0">
    <ignored/>
  </testcase> <!-- @BeforeSuite bsConfig -->
  <testcase classname="vtiger.GenericUtilities.BaseClass" name="@BeforeSuite bsConfig" time="0.0">
    <ignored/>
  </testcase> <!-- @BeforeSuite bsConfig -->
  <testcase classname="vtiger.GenericUtilities.BaseClass" name="@BeforeSuite bsConfig" time="0.0">
    <ignored/>
  </testcase> <!-- @BeforeSuite bsConfig -->
  <testcase classname="vtiger.GenericUtilities.BaseClass" name="@BeforeSuite bsConfig" time="0.0">
    <ignored/>
  </testcase> <!-- @BeforeSuite bsConfig -->
</testsuite> <!-- Test -->
