<?xml version="1.0" encoding="UTF-8"?>
<testng-results ignored="1" total="2" passed="1" failed="0" skipped="0">
  <reporter-output>
    <line>
      <![CDATA[navigate to Home page]]>
    </line>
    <line>
      <![CDATA[ product button cliked]]>
    </line>
    <line>
      <![CDATA[create product button cliked]]>
    </line>
    <line>
      <![CDATA[Create product with product code]]>
    </line>
    <line>
      <![CDATA[ProductInformationPage displayed]]>
    </line>
  </reporter-output>
  <suite started-at="2023-04-01T22:11:27 IST" name="Default suite" finished-at="2023-04-01T22:12:03 IST" duration-ms="36542">
    <groups>
      <group name="SmokeSuite">
        <method signature="CreateProductTest.CreateProductTestScript()[pri:0, instance:vtiger.Products.Tests.CreateProductTest@2e6a8155]" name="CreateProductTestScript" class="vtiger.Products.Tests.CreateProductTest"/>
      </group> <!-- SmokeSuite -->
    </groups>
    <test started-at="2023-04-01T22:11:27 IST" name="Default test" finished-at="2023-04-01T22:12:03 IST" duration-ms="36542">
      <class name="vtiger.Products.Tests.CreateProductTest">
        <test-method is-config="true" signature="bsConfig()[pri:0, instance:vtiger.Products.Tests.CreateProductTest@2e6a8155]" started-at="2023-04-01T22:11:27 IST" name="bsConfig" finished-at="2023-04-01T22:11:27 IST" duration-ms="9" status="PASS">
          <reporter-output>
          </reporter-output>
        </test-method> <!-- bsConfig -->
        <test-method is-config="true" signature="bcConfig()[pri:0, instance:vtiger.Products.Tests.CreateProductTest@2e6a8155]" started-at="2023-04-01T22:11:27 IST" name="bcConfig" finished-at="2023-04-01T22:11:36 IST" duration-ms="8690" status="PASS">
          <reporter-output>
          </reporter-output>
        </test-method> <!-- bcConfig -->
        <test-method is-config="true" signature="bmConfigu()[pri:0, instance:vtiger.Products.Tests.CreateProductTest@2e6a8155]" started-at="2023-04-01T22:11:36 IST" name="bmConfigu" finished-at="2023-04-01T22:11:42 IST" duration-ms="6179" status="PASS">
          <reporter-output>
          </reporter-output>
        </test-method> <!-- bmConfigu -->
        <test-method signature="CreateProductTestScript()[pri:0, instance:vtiger.Products.Tests.CreateProductTest@2e6a8155]" started-at="2023-04-01T22:11:42 IST" name="CreateProductTestScript" finished-at="2023-04-01T22:12:00 IST" duration-ms="18347" status="PASS">
          <reporter-output>
            <line>
              <![CDATA[navigate to Home page]]>
            </line>
            <line>
              <![CDATA[ product button cliked]]>
            </line>
            <line>
              <![CDATA[create product button cliked]]>
            </line>
            <line>
              <![CDATA[Create product with product code]]>
            </line>
            <line>
              <![CDATA[ProductInformationPage displayed]]>
            </line>
          </reporter-output>
        </test-method> <!-- CreateProductTestScript -->
        <test-method is-config="true" signature="amConfigu()[pri:0, instance:vtiger.Products.Tests.CreateProductTest@2e6a8155]" started-at="2023-04-01T22:12:00 IST" name="amConfigu" finished-at="2023-04-01T22:12:03 IST" duration-ms="2336" status="PASS">
          <reporter-output>
          </reporter-output>
        </test-method> <!-- amConfigu -->
        <test-method is-config="true" signature="acConfig()[pri:0, instance:vtiger.Products.Tests.CreateProductTest@2e6a8155]" started-at="2023-04-01T22:12:03 IST" name="acConfig" finished-at="2023-04-01T22:12:03 IST" duration-ms="523" status="PASS">
          <reporter-output>
          </reporter-output>
        </test-method> <!-- acConfig -->
        <test-method is-config="true" signature="asConfig()[pri:0, instance:vtiger.Products.Tests.CreateProductTest@2e6a8155]" started-at="2023-04-01T22:12:04 IST" name="asConfig" finished-at="2023-04-01T22:12:04 IST" duration-ms="0" status="PASS">
          <reporter-output>
          </reporter-output>
        </test-method> <!-- asConfig -->
      </class> <!-- vtiger.Products.Tests.CreateProductTest -->
    </test> <!-- Default test -->
  </suite> <!-- Default suite -->
</testng-results>
